# This is the CMakeCache file.
# For build in directory: /Users/phil-ahrenkiel/Documents/GitHub/btwxt/build_Xcode
# It was generated by CMake: /Applications/CMake.app/Contents/bin/cmake
# You can edit this file to change values found and used by cmake.
# If you do not want to change any of the values, simply exit the editor.
# If you do want to change a value, simply edit, save, and exit the editor.
# The syntax for the file is as follows:
# KEY:TYPE=VALUE
# KEY is the name of a variable in the cache.
# TYPE is a hint to GUIs for the type of VALUE, DO NOT EDIT TYPE!.
# VALUE is the current value for the KEY.

########################
# EXTERNAL cache entries
########################

//Builds the googlemock subproject
BUILD_GMOCK:BOOL=ON

//Path to a program.
CMAKE_ADDR2LINE:FILEPATH=CMAKE_ADDR2LINE-NOTFOUND

//Path to a program.
CMAKE_AR:FILEPATH=/usr/bin/ar

//Semicolon separated list of supported configuration types, only
// supports Debug, Release, MinSizeRel, and RelWithDebInfo, anything
// else will be ignored.
CMAKE_CONFIGURATION_TYPES:STRING=Debug;Release;MinSizeRel;RelWithDebInfo

//Flags used by the CXX compiler during all build types.
CMAKE_CXX_FLAGS:STRING=

//Flags used by the CXX compiler during DEBUG builds.
CMAKE_CXX_FLAGS_DEBUG:STRING=

//Flags used by the CXX compiler during MINSIZEREL builds.
CMAKE_CXX_FLAGS_MINSIZEREL:STRING=

//Flags used by the CXX compiler during RELEASE builds.
CMAKE_CXX_FLAGS_RELEASE:STRING=

//Flags used by the CXX compiler during RELWITHDEBINFO builds.
CMAKE_CXX_FLAGS_RELWITHDEBINFO:STRING=

//C compiler
CMAKE_C_COMPILER:STRING=/usr/bin/gcc

//Flags used by the C compiler during all build types.
CMAKE_C_FLAGS:STRING=

//Flags used by the C compiler during DEBUG builds.
CMAKE_C_FLAGS_DEBUG:STRING=

//Flags used by the C compiler during MINSIZEREL builds.
CMAKE_C_FLAGS_MINSIZEREL:STRING=

//Flags used by the C compiler during RELEASE builds.
CMAKE_C_FLAGS_RELEASE:STRING=

//Flags used by the C compiler during RELWITHDEBINFO builds.
CMAKE_C_FLAGS_RELWITHDEBINFO:STRING=

//Path to a program.
CMAKE_DLLTOOL:FILEPATH=CMAKE_DLLTOOL-NOTFOUND

//Flags used by the linker during all build types.
CMAKE_EXE_LINKER_FLAGS:STRING=

//Flags used by the linker during DEBUG builds.
CMAKE_EXE_LINKER_FLAGS_DEBUG:STRING=

//Flags used by the linker during MINSIZEREL builds.
CMAKE_EXE_LINKER_FLAGS_MINSIZEREL:STRING=

//Flags used by the linker during RELEASE builds.
CMAKE_EXE_LINKER_FLAGS_RELEASE:STRING=

//Flags used by the linker during RELWITHDEBINFO builds.
CMAKE_EXE_LINKER_FLAGS_RELWITHDEBINFO:STRING=

//Value Computed by CMake.
CMAKE_FIND_PACKAGE_REDIRECTS_DIR:STATIC=/Users/phil-ahrenkiel/Documents/GitHub/btwxt/build_Xcode/CMakeFiles/pkgRedirects

//User executables (bin)
CMAKE_INSTALL_BINDIR:PATH=bin

//Read-only architecture-independent data (DATAROOTDIR)
CMAKE_INSTALL_DATADIR:PATH=

//Read-only architecture-independent data root (share)
CMAKE_INSTALL_DATAROOTDIR:PATH=share

//Documentation root (DATAROOTDIR/doc/PROJECT_NAME)
CMAKE_INSTALL_DOCDIR:PATH=

//C header files (include)
CMAKE_INSTALL_INCLUDEDIR:PATH=include

//Info documentation (DATAROOTDIR/info)
CMAKE_INSTALL_INFODIR:PATH=

//Object code libraries (lib)
CMAKE_INSTALL_LIBDIR:PATH=lib

//Program executables (libexec)
CMAKE_INSTALL_LIBEXECDIR:PATH=libexec

//Locale-dependent data (DATAROOTDIR/locale)
CMAKE_INSTALL_LOCALEDIR:PATH=

//Modifiable single-machine data (var)
CMAKE_INSTALL_LOCALSTATEDIR:PATH=var

//Man documentation (DATAROOTDIR/man)
CMAKE_INSTALL_MANDIR:PATH=

//Path to a program.
CMAKE_INSTALL_NAME_TOOL:FILEPATH=/usr/bin/install_name_tool

//C header files for non-gcc (/usr/include)
CMAKE_INSTALL_OLDINCLUDEDIR:PATH=/usr/include

//Install path prefix, prepended onto install directories.
CMAKE_INSTALL_PREFIX:PATH=/usr/local

//Run-time variable data (LOCALSTATEDIR/run)
CMAKE_INSTALL_RUNSTATEDIR:PATH=

//System admin executables (sbin)
CMAKE_INSTALL_SBINDIR:PATH=sbin

//Modifiable architecture-independent data (com)
CMAKE_INSTALL_SHAREDSTATEDIR:PATH=com

//Read-only single-machine data (etc)
CMAKE_INSTALL_SYSCONFDIR:PATH=etc

//Path to a program.
CMAKE_LINKER:FILEPATH=/usr/bin/ld

//Flags used by the linker during the creation of modules during
// all build types.
CMAKE_MODULE_LINKER_FLAGS:STRING=

//Flags used by the linker during the creation of modules during
// DEBUG builds.
CMAKE_MODULE_LINKER_FLAGS_DEBUG:STRING=

//Flags used by the linker during the creation of modules during
// MINSIZEREL builds.
CMAKE_MODULE_LINKER_FLAGS_MINSIZEREL:STRING=

//Flags used by the linker during the creation of modules during
// RELEASE builds.
CMAKE_MODULE_LINKER_FLAGS_RELEASE:STRING=

//Flags used by the linker during the creation of modules during
// RELWITHDEBINFO builds.
CMAKE_MODULE_LINKER_FLAGS_RELWITHDEBINFO:STRING=

//Path to a program.
CMAKE_NM:FILEPATH=/usr/bin/nm

//Path to a program.
CMAKE_OBJCOPY:FILEPATH=CMAKE_OBJCOPY-NOTFOUND

//Path to a program.
CMAKE_OBJDUMP:FILEPATH=/usr/bin/objdump

//Build architectures for OSX
CMAKE_OSX_ARCHITECTURES:STRING=

//Minimum OS X version to target for deployment (at runtime); newer
// APIs weak linked. Set to empty string for default value.
CMAKE_OSX_DEPLOYMENT_TARGET:STRING=12.6

//The product will be built against the headers and libraries located
// inside the indicated SDK.
CMAKE_OSX_SYSROOT:PATH=/Library/Developer/CommandLineTools/SDKs/MacOSX12.3.sdk

//Value Computed by CMake
CMAKE_PROJECT_DESCRIPTION:STATIC=

//Value Computed by CMake
CMAKE_PROJECT_HOMEPAGE_URL:STATIC=

//Value Computed by CMake
CMAKE_PROJECT_NAME:STATIC=btwxt

//Value Computed by CMake
CMAKE_PROJECT_VERSION:STATIC=1.11.0

//Value Computed by CMake
CMAKE_PROJECT_VERSION_MAJOR:STATIC=1

//Value Computed by CMake
CMAKE_PROJECT_VERSION_MINOR:STATIC=11

//Value Computed by CMake
CMAKE_PROJECT_VERSION_PATCH:STATIC=0

//Value Computed by CMake
CMAKE_PROJECT_VERSION_TWEAK:STATIC=

//Path to a program.
CMAKE_RANLIB:FILEPATH=/usr/bin/ranlib

//Path to a program.
CMAKE_READELF:FILEPATH=CMAKE_READELF-NOTFOUND

//Flags used by the linker during the creation of shared libraries
// during all build types.
CMAKE_SHARED_LINKER_FLAGS:STRING=

//Flags used by the linker during the creation of shared libraries
// during DEBUG builds.
CMAKE_SHARED_LINKER_FLAGS_DEBUG:STRING=

//Flags used by the linker during the creation of shared libraries
// during MINSIZEREL builds.
CMAKE_SHARED_LINKER_FLAGS_MINSIZEREL:STRING=

//Flags used by the linker during the creation of shared libraries
// during RELEASE builds.
CMAKE_SHARED_LINKER_FLAGS_RELEASE:STRING=

//Flags used by the linker during the creation of shared libraries
// during RELWITHDEBINFO builds.
CMAKE_SHARED_LINKER_FLAGS_RELWITHDEBINFO:STRING=

//If set, runtime paths are not added when installing shared libraries,
// but are added when building.
CMAKE_SKIP_INSTALL_RPATH:BOOL=OFF

//If set, runtime paths are not added when using shared libraries.
CMAKE_SKIP_RPATH:BOOL=OFF

//Flags used by the linker during the creation of static libraries
// during all build types.
CMAKE_STATIC_LINKER_FLAGS:STRING=

//Flags used by the linker during the creation of static libraries
// during DEBUG builds.
CMAKE_STATIC_LINKER_FLAGS_DEBUG:STRING=

//Flags used by the linker during the creation of static libraries
// during MINSIZEREL builds.
CMAKE_STATIC_LINKER_FLAGS_MINSIZEREL:STRING=

//Flags used by the linker during the creation of static libraries
// during RELEASE builds.
CMAKE_STATIC_LINKER_FLAGS_RELEASE:STRING=

//Flags used by the linker during the creation of static libraries
// during RELWITHDEBINFO builds.
CMAKE_STATIC_LINKER_FLAGS_RELWITHDEBINFO:STRING=

//Path to a program.
CMAKE_STRIP:FILEPATH=/usr/bin/strip

//Path to a program.
CMAKE_TAPI:FILEPATH=/Library/Developer/CommandLineTools/usr/bin/tapi

//If this value is on, makefiles will be generated without the
// .SILENT directive, and all commands will be echoed to the console
// during the make.  This is useful for debugging only. With Visual
// Studio IDE projects all commands are done without /nologo.
CMAKE_VERBOSE_MAKEFILE:BOOL=OFF

//Value Computed by CMake
FMT_BINARY_DIR:STATIC=/Users/phil-ahrenkiel/Documents/GitHub/btwxt/build_Xcode/vendor/fmt

//Generate the cuda-test target.
FMT_CUDA_TEST:BOOL=OFF

//Debug library postfix.
FMT_DEBUG_POSTFIX:STRING=d

//Generate the doc target.
FMT_DOC:BOOL=OFF

//Generate the fuzz target.
FMT_FUZZ:BOOL=OFF

//Installation directory for include files, a relative path that
// will be joined with /usr/local or an absolute path.
FMT_INC_DIR:STRING=include

FMT_INSTALL:BOOL=OFF

//Value Computed by CMake
FMT_IS_TOP_LEVEL:STATIC=OFF

//Build a module instead of a traditional library.
FMT_MODULE:BOOL=OFF

//Include core requiring OS (Windows/Posix) 
FMT_OS:BOOL=ON

//Enable extra warnings and expensive tests.
FMT_PEDANTIC:BOOL=OFF

//Value Computed by CMake
FMT_SOURCE_DIR:STATIC=/Users/phil-ahrenkiel/documents/GitHub/btwxt/vendor/fmt

//Expose headers with marking them as system.
FMT_SYSTEM_HEADERS:BOOL=OFF

//Generate the test target.
FMT_TEST:BOOL=OFF

//Halt the compilation with an error on compiler warnings.
FMT_WERROR:BOOL=OFF

//Git command line client
GIT_EXECUTABLE:FILEPATH=/usr/bin/git

//Enable installation of googletest. (Projects embedding googletest
// may want to turn this OFF.)
INSTALL_GTEST:BOOL=OFF

//Value Computed by CMake
btwxt_BINARY_DIR:STATIC=/Users/phil-ahrenkiel/Documents/GitHub/btwxt/build_Xcode

//Build btwxt testing targets
btwxt_BUILD_TESTING:BOOL=ON

//Add btwxt coverage reports
btwxt_COVERAGE:BOOL=OFF

//Value Computed by CMake
btwxt_IS_TOP_LEVEL:STATIC=ON

//Dependencies for the target
btwxt_LIB_DEPENDS:STATIC=general;courierr;general;fmt;

//Value Computed by CMake
btwxt_SOURCE_DIR:STATIC=/Users/phil-ahrenkiel/documents/GitHub/btwxt

//Make btwxt a static library
btwxt_STATIC_LIB:BOOL=ON

//Value Computed by CMake
courierr_BINARY_DIR:STATIC=/Users/phil-ahrenkiel/Documents/GitHub/btwxt/build_Xcode/vendor/courierr

//Build courierr testing targets
courierr_BUILD_TESTING:BOOL=OFF

//Generate courierr coverage reports
courierr_COVERAGE:BOOL=OFF

//Value Computed by CMake
courierr_IS_TOP_LEVEL:STATIC=OFF

//Value Computed by CMake
courierr_SOURCE_DIR:STATIC=/Users/phil-ahrenkiel/documents/GitHub/btwxt/vendor/courierr

//Make courierr a static library
courierr_STATIC_LIB:BOOL=ON

//Value Computed by CMake
gmock_BINARY_DIR:STATIC=/Users/phil-ahrenkiel/Documents/GitHub/btwxt/build_Xcode/vendor/googletest/googlemock

//Value Computed by CMake
gmock_IS_TOP_LEVEL:STATIC=OFF

//Dependencies for the target
gmock_LIB_DEPENDS:STATIC=general;gtest;

//Value Computed by CMake
gmock_SOURCE_DIR:STATIC=/Users/phil-ahrenkiel/documents/GitHub/btwxt/vendor/googletest/googlemock

//Build all of Google Mock's own tests.
gmock_build_tests:BOOL=OFF

//Dependencies for the target
gmock_main_LIB_DEPENDS:STATIC=general;gmock;

//Value Computed by CMake
googletest-distribution_BINARY_DIR:STATIC=/Users/phil-ahrenkiel/Documents/GitHub/btwxt/build_Xcode/vendor/googletest

//Value Computed by CMake
googletest-distribution_IS_TOP_LEVEL:STATIC=OFF

//Value Computed by CMake
googletest-distribution_SOURCE_DIR:STATIC=/Users/phil-ahrenkiel/documents/GitHub/btwxt/vendor/googletest

//Value Computed by CMake
gtest_BINARY_DIR:STATIC=/Users/phil-ahrenkiel/Documents/GitHub/btwxt/build_Xcode/vendor/googletest/googletest

//Value Computed by CMake
gtest_IS_TOP_LEVEL:STATIC=OFF

//Value Computed by CMake
gtest_SOURCE_DIR:STATIC=/Users/phil-ahrenkiel/documents/GitHub/btwxt/vendor/googletest/googletest

//Build gtest's sample programs.
gtest_build_samples:BOOL=OFF

//Build all of gtest's own tests.
gtest_build_tests:BOOL=OFF

//Disable uses of pthreads in gtest.
gtest_disable_pthreads:BOOL=OFF

//Use shared (DLL) run-time lib even when Google Test is built
// as static lib.
gtest_force_shared_crt:BOOL=ON

//Build gtest with internal symbols hidden in shared libraries.
gtest_hide_internal_symbols:BOOL=OFF

//Dependencies for the target
gtest_main_LIB_DEPENDS:STATIC=general;gtest;


########################
# INTERNAL cache entries
########################

//Stored Xcode object GUID
ALL_BUILD_GUID_CMAKE:INTERNAL=5B38E18BEC1C48499BF8BBDC
//ADVANCED property for variable: BUILD_GMOCK
BUILD_GMOCK-ADVANCED:INTERNAL=1
//ADVANCED property for variable: CMAKE_ADDR2LINE
CMAKE_ADDR2LINE-ADVANCED:INTERNAL=1
//ADVANCED property for variable: CMAKE_AR
CMAKE_AR-ADVANCED:INTERNAL=1
//This is the directory where this CMakeCache.txt was created
CMAKE_CACHEFILE_DIR:INTERNAL=/Users/phil-ahrenkiel/Documents/GitHub/btwxt/build_Xcode
//Major version of cmake used to create the current loaded cache
CMAKE_CACHE_MAJOR_VERSION:INTERNAL=3
//Minor version of cmake used to create the current loaded cache
CMAKE_CACHE_MINOR_VERSION:INTERNAL=27
//Patch version of cmake used to create the current loaded cache
CMAKE_CACHE_PATCH_VERSION:INTERNAL=0
//Path to CMake executable.
CMAKE_COMMAND:INTERNAL=/Applications/CMake.app/Contents/bin/cmake
//Path to cpack program executable.
CMAKE_CPACK_COMMAND:INTERNAL=/Applications/CMake.app/Contents/bin/cpack
//Path to ctest program executable.
CMAKE_CTEST_COMMAND:INTERNAL=/Applications/CMake.app/Contents/bin/ctest
//ADVANCED property for variable: CMAKE_CXX_FLAGS
CMAKE_CXX_FLAGS-ADVANCED:INTERNAL=1
//ADVANCED property for variable: CMAKE_CXX_FLAGS_DEBUG
CMAKE_CXX_FLAGS_DEBUG-ADVANCED:INTERNAL=1
//ADVANCED property for variable: CMAKE_CXX_FLAGS_MINSIZEREL
CMAKE_CXX_FLAGS_MINSIZEREL-ADVANCED:INTERNAL=1
//ADVANCED property for variable: CMAKE_CXX_FLAGS_RELEASE
CMAKE_CXX_FLAGS_RELEASE-ADVANCED:INTERNAL=1
//ADVANCED property for variable: CMAKE_CXX_FLAGS_RELWITHDEBINFO
CMAKE_CXX_FLAGS_RELWITHDEBINFO-ADVANCED:INTERNAL=1
//ADVANCED property for variable: CMAKE_C_FLAGS
CMAKE_C_FLAGS-ADVANCED:INTERNAL=1
//ADVANCED property for variable: CMAKE_C_FLAGS_DEBUG
CMAKE_C_FLAGS_DEBUG-ADVANCED:INTERNAL=1
//ADVANCED property for variable: CMAKE_C_FLAGS_MINSIZEREL
CMAKE_C_FLAGS_MINSIZEREL-ADVANCED:INTERNAL=1
//ADVANCED property for variable: CMAKE_C_FLAGS_RELEASE
CMAKE_C_FLAGS_RELEASE-ADVANCED:INTERNAL=1
//ADVANCED property for variable: CMAKE_C_FLAGS_RELWITHDEBINFO
CMAKE_C_FLAGS_RELWITHDEBINFO-ADVANCED:INTERNAL=1
//ADVANCED property for variable: CMAKE_DLLTOOL
CMAKE_DLLTOOL-ADVANCED:INTERNAL=1
//Executable file format
CMAKE_EXECUTABLE_FORMAT:INTERNAL=Unknown
//ADVANCED property for variable: CMAKE_EXE_LINKER_FLAGS
CMAKE_EXE_LINKER_FLAGS-ADVANCED:INTERNAL=1
//ADVANCED property for variable: CMAKE_EXE_LINKER_FLAGS_DEBUG
CMAKE_EXE_LINKER_FLAGS_DEBUG-ADVANCED:INTERNAL=1
//ADVANCED property for variable: CMAKE_EXE_LINKER_FLAGS_MINSIZEREL
CMAKE_EXE_LINKER_FLAGS_MINSIZEREL-ADVANCED:INTERNAL=1
//ADVANCED property for variable: CMAKE_EXE_LINKER_FLAGS_RELEASE
CMAKE_EXE_LINKER_FLAGS_RELEASE-ADVANCED:INTERNAL=1
//ADVANCED property for variable: CMAKE_EXE_LINKER_FLAGS_RELWITHDEBINFO
CMAKE_EXE_LINKER_FLAGS_RELWITHDEBINFO-ADVANCED:INTERNAL=1
//Name of external makefile project generator.
CMAKE_EXTRA_GENERATOR:INTERNAL=
//Name of generator.
CMAKE_GENERATOR:INTERNAL=Xcode
//Generator instance identifier.
CMAKE_GENERATOR_INSTANCE:INTERNAL=
//Name of generator platform.
CMAKE_GENERATOR_PLATFORM:INTERNAL=
//Name of generator toolset.
CMAKE_GENERATOR_TOOLSET:INTERNAL=
//Test CMAKE_HAVE_LIBC_PTHREAD
CMAKE_HAVE_LIBC_PTHREAD:INTERNAL=1
//Source directory with the top level CMakeLists.txt file for this
// project
CMAKE_HOME_DIRECTORY:INTERNAL=/Users/phil-ahrenkiel/documents/GitHub/btwxt
//ADVANCED property for variable: CMAKE_INSTALL_BINDIR
CMAKE_INSTALL_BINDIR-ADVANCED:INTERNAL=1
//ADVANCED property for variable: CMAKE_INSTALL_DATADIR
CMAKE_INSTALL_DATADIR-ADVANCED:INTERNAL=1
//ADVANCED property for variable: CMAKE_INSTALL_DATAROOTDIR
CMAKE_INSTALL_DATAROOTDIR-ADVANCED:INTERNAL=1
//ADVANCED property for variable: CMAKE_INSTALL_DOCDIR
CMAKE_INSTALL_DOCDIR-ADVANCED:INTERNAL=1
//ADVANCED property for variable: CMAKE_INSTALL_INCLUDEDIR
CMAKE_INSTALL_INCLUDEDIR-ADVANCED:INTERNAL=1
//ADVANCED property for variable: CMAKE_INSTALL_INFODIR
CMAKE_INSTALL_INFODIR-ADVANCED:INTERNAL=1
//ADVANCED property for variable: CMAKE_INSTALL_LIBDIR
CMAKE_INSTALL_LIBDIR-ADVANCED:INTERNAL=1
//ADVANCED property for variable: CMAKE_INSTALL_LIBEXECDIR
CMAKE_INSTALL_LIBEXECDIR-ADVANCED:INTERNAL=1
//ADVANCED property for variable: CMAKE_INSTALL_LOCALEDIR
CMAKE_INSTALL_LOCALEDIR-ADVANCED:INTERNAL=1
//ADVANCED property for variable: CMAKE_INSTALL_LOCALSTATEDIR
CMAKE_INSTALL_LOCALSTATEDIR-ADVANCED:INTERNAL=1
//ADVANCED property for variable: CMAKE_INSTALL_MANDIR
CMAKE_INSTALL_MANDIR-ADVANCED:INTERNAL=1
//ADVANCED property for variable: CMAKE_INSTALL_NAME_TOOL
CMAKE_INSTALL_NAME_TOOL-ADVANCED:INTERNAL=1
//ADVANCED property for variable: CMAKE_INSTALL_OLDINCLUDEDIR
CMAKE_INSTALL_OLDINCLUDEDIR-ADVANCED:INTERNAL=1
//ADVANCED property for variable: CMAKE_INSTALL_RUNSTATEDIR
CMAKE_INSTALL_RUNSTATEDIR-ADVANCED:INTERNAL=1
//ADVANCED property for variable: CMAKE_INSTALL_SBINDIR
CMAKE_INSTALL_SBINDIR-ADVANCED:INTERNAL=1
//ADVANCED property for variable: CMAKE_INSTALL_SHAREDSTATEDIR
CMAKE_INSTALL_SHAREDSTATEDIR-ADVANCED:INTERNAL=1
//ADVANCED property for variable: CMAKE_INSTALL_SYSCONFDIR
CMAKE_INSTALL_SYSCONFDIR-ADVANCED:INTERNAL=1
//ADVANCED property for variable: CMAKE_LINKER
CMAKE_LINKER-ADVANCED:INTERNAL=1
//ADVANCED property for variable: CMAKE_MODULE_LINKER_FLAGS
CMAKE_MODULE_LINKER_FLAGS-ADVANCED:INTERNAL=1
//ADVANCED property for variable: CMAKE_MODULE_LINKER_FLAGS_DEBUG
CMAKE_MODULE_LINKER_FLAGS_DEBUG-ADVANCED:INTERNAL=1
//ADVANCED property for variable: CMAKE_MODULE_LINKER_FLAGS_MINSIZEREL
CMAKE_MODULE_LINKER_FLAGS_MINSIZEREL-ADVANCED:INTERNAL=1
//ADVANCED property for variable: CMAKE_MODULE_LINKER_FLAGS_RELEASE
CMAKE_MODULE_LINKER_FLAGS_RELEASE-ADVANCED:INTERNAL=1
//ADVANCED property for variable: CMAKE_MODULE_LINKER_FLAGS_RELWITHDEBINFO
CMAKE_MODULE_LINKER_FLAGS_RELWITHDEBINFO-ADVANCED:INTERNAL=1
//ADVANCED property for variable: CMAKE_NM
CMAKE_NM-ADVANCED:INTERNAL=1
//number of local generators
CMAKE_NUMBER_OF_MAKEFILES:INTERNAL=12
//ADVANCED property for variable: CMAKE_OBJCOPY
CMAKE_OBJCOPY-ADVANCED:INTERNAL=1
//ADVANCED property for variable: CMAKE_OBJDUMP
CMAKE_OBJDUMP-ADVANCED:INTERNAL=1
//Platform information initialized
CMAKE_PLATFORM_INFO_INITIALIZED:INTERNAL=1
//ADVANCED property for variable: CMAKE_RANLIB
CMAKE_RANLIB-ADVANCED:INTERNAL=1
//ADVANCED property for variable: CMAKE_READELF
CMAKE_READELF-ADVANCED:INTERNAL=1
//Path to CMake installation.
CMAKE_ROOT:INTERNAL=/Applications/CMake.app/Contents/share/cmake-3.27
//ADVANCED property for variable: CMAKE_SHARED_LINKER_FLAGS
CMAKE_SHARED_LINKER_FLAGS-ADVANCED:INTERNAL=1
//ADVANCED property for variable: CMAKE_SHARED_LINKER_FLAGS_DEBUG
CMAKE_SHARED_LINKER_FLAGS_DEBUG-ADVANCED:INTERNAL=1
//ADVANCED property for variable: CMAKE_SHARED_LINKER_FLAGS_MINSIZEREL
CMAKE_SHARED_LINKER_FLAGS_MINSIZEREL-ADVANCED:INTERNAL=1
//ADVANCED property for variable: CMAKE_SHARED_LINKER_FLAGS_RELEASE
CMAKE_SHARED_LINKER_FLAGS_RELEASE-ADVANCED:INTERNAL=1
//ADVANCED property for variable: CMAKE_SHARED_LINKER_FLAGS_RELWITHDEBINFO
CMAKE_SHARED_LINKER_FLAGS_RELWITHDEBINFO-ADVANCED:INTERNAL=1
//ADVANCED property for variable: CMAKE_SKIP_INSTALL_RPATH
CMAKE_SKIP_INSTALL_RPATH-ADVANCED:INTERNAL=1
//ADVANCED property for variable: CMAKE_SKIP_RPATH
CMAKE_SKIP_RPATH-ADVANCED:INTERNAL=1
//ADVANCED property for variable: CMAKE_STATIC_LINKER_FLAGS
CMAKE_STATIC_LINKER_FLAGS-ADVANCED:INTERNAL=1
//ADVANCED property for variable: CMAKE_STATIC_LINKER_FLAGS_DEBUG
CMAKE_STATIC_LINKER_FLAGS_DEBUG-ADVANCED:INTERNAL=1
//ADVANCED property for variable: CMAKE_STATIC_LINKER_FLAGS_MINSIZEREL
CMAKE_STATIC_LINKER_FLAGS_MINSIZEREL-ADVANCED:INTERNAL=1
//ADVANCED property for variable: CMAKE_STATIC_LINKER_FLAGS_RELEASE
CMAKE_STATIC_LINKER_FLAGS_RELEASE-ADVANCED:INTERNAL=1
//ADVANCED property for variable: CMAKE_STATIC_LINKER_FLAGS_RELWITHDEBINFO
CMAKE_STATIC_LINKER_FLAGS_RELWITHDEBINFO-ADVANCED:INTERNAL=1
//ADVANCED property for variable: CMAKE_STRIP
CMAKE_STRIP-ADVANCED:INTERNAL=1
//ADVANCED property for variable: CMAKE_TAPI
CMAKE_TAPI-ADVANCED:INTERNAL=1
//uname command
CMAKE_UNAME:INTERNAL=/usr/bin/uname
//ADVANCED property for variable: CMAKE_VERBOSE_MAKEFILE
CMAKE_VERBOSE_MAKEFILE-ADVANCED:INTERNAL=1
//Compiler support for a deprecated attribute
COMPILER_HAS_DEPRECATED:INTERNAL=1
//Test COMPILER_HAS_DEPRECATED_ATTR
COMPILER_HAS_DEPRECATED_ATTR:INTERNAL=1
//Test COMPILER_HAS_HIDDEN_INLINE_VISIBILITY
COMPILER_HAS_HIDDEN_INLINE_VISIBILITY:INTERNAL=1
//Test COMPILER_HAS_HIDDEN_VISIBILITY
COMPILER_HAS_HIDDEN_VISIBILITY:INTERNAL=1
//Details about finding Python
FIND_PACKAGE_MESSAGE_DETAILS_Python:INTERNAL=[/Library/Developer/CommandLineTools/Library/Frameworks/Python3.framework/Versions/3.9/bin/python3.9][cfound components: Interpreter ][v3.9.6()]
//Details about finding Threads
FIND_PACKAGE_MESSAGE_DETAILS_Threads:INTERNAL=[TRUE][v()]
//ADVANCED property for variable: FMT_CUDA_TEST
FMT_CUDA_TEST-ADVANCED:INTERNAL=1
//ADVANCED property for variable: FMT_DEBUG_POSTFIX
FMT_DEBUG_POSTFIX-ADVANCED:INTERNAL=1
//ADVANCED property for variable: FMT_DOC
FMT_DOC-ADVANCED:INTERNAL=1
//ADVANCED property for variable: FMT_FUZZ
FMT_FUZZ-ADVANCED:INTERNAL=1
//ADVANCED property for variable: FMT_INC_DIR
FMT_INC_DIR-ADVANCED:INTERNAL=1
//ADVANCED property for variable: FMT_INSTALL
FMT_INSTALL-ADVANCED:INTERNAL=1
//ADVANCED property for variable: FMT_MODULE
FMT_MODULE-ADVANCED:INTERNAL=1
//ADVANCED property for variable: FMT_OS
FMT_OS-ADVANCED:INTERNAL=1
//ADVANCED property for variable: FMT_PEDANTIC
FMT_PEDANTIC-ADVANCED:INTERNAL=1
//ADVANCED property for variable: FMT_SYSTEM_HEADERS
FMT_SYSTEM_HEADERS-ADVANCED:INTERNAL=1
//ADVANCED property for variable: FMT_TEST
FMT_TEST-ADVANCED:INTERNAL=1
//ADVANCED property for variable: FMT_WERROR
FMT_WERROR-ADVANCED:INTERNAL=1
//ADVANCED property for variable: GIT_EXECUTABLE
GIT_EXECUTABLE-ADVANCED:INTERNAL=1
//Test HAS_NULLPTR_WARNING
HAS_NULLPTR_WARNING:INTERNAL=1
//ADVANCED property for variable: INSTALL_GTEST
INSTALL_GTEST-ADVANCED:INTERNAL=1
//Stored Xcode object GUID
PROJECT_FMT_GUID_CMAKE:INTERNAL=35F24B686E7642AF92133829
//Stored Xcode object GUID
PROJECT_btwxt_GUID_CMAKE:INTERNAL=EBAE92291A1E4782B38BF479
//Stored Xcode object GUID
PROJECT_courierr_GUID_CMAKE:INTERNAL=A603BBE0FB374624854B3892
//Stored Xcode object GUID
PROJECT_gmock_GUID_CMAKE:INTERNAL=099DE5EBAA3B4D73B6C035C4
//Stored Xcode object GUID
PROJECT_googletest-distribution_GUID_CMAKE:INTERNAL=2E08198FAA034C928DEC0934
//Stored Xcode object GUID
PROJECT_gtest_GUID_CMAKE:INTERNAL=FA5515D197444C4CA7109565
//Stored Xcode object GUID
RUN_TESTS_GUID_CMAKE:INTERNAL=B80628235E684A608DE1385F
//Stored Xcode object GUID
ZERO_CHECK_GUID_CMAKE:INTERNAL=A5DF9D4DC9144CCE8B0EB5D6
//CMAKE_INSTALL_PREFIX during last run
_GNUInstallDirs_LAST_CMAKE_INSTALL_PREFIX:INTERNAL=/usr/local
//Compiler reason failure
_Python_Compiler_REASON_FAILURE:INTERNAL=
//Development reason failure
_Python_Development_REASON_FAILURE:INTERNAL=
//Path to a program.
_Python_EXECUTABLE:INTERNAL=/Library/Developer/CommandLineTools/Library/Frameworks/Python3.framework/Versions/3.9/bin/python3.9
//Python Properties
_Python_INTERPRETER_PROPERTIES:INTERNAL=Python;3;9;6;64;32;;cpython-39-darwin;abi3;/Library/Developer/CommandLineTools/Library/Frameworks/Python3.framework/Versions/3.9/lib/python3.9;/Library/Developer/CommandLineTools/Library/Frameworks/Python3.framework/Versions/3.9/lib/python3.9;/Library/Python/3.9/site-packages;/Library/Python/3.9/site-packages
_Python_INTERPRETER_SIGNATURE:INTERNAL=7b21c1b9d5bd8c140cdee9cb9cb472b8
//NumPy reason failure
_Python_NumPy_REASON_FAILURE:INTERNAL=
//Stored Xcode object GUID
btwxt_GUID_CMAKE:INTERNAL=8AF5FF6885A648A2AB4422EB
//Stored Xcode object GUID
btwxt_interface_GUID_CMAKE:INTERNAL=E0C71C6A224A4254A75BB4C1
//Stored Xcode object GUID
btwxt_tests_GUID_CMAKE:INTERNAL=1B23D1B0DC09442C95D2603C
cmake_package_name:INTERNAL=GTest
//ADVANCED property for variable: courierr_BUILD_TESTING
courierr_BUILD_TESTING-ADVANCED:INTERNAL=1
//ADVANCED property for variable: courierr_COVERAGE
courierr_COVERAGE-ADVANCED:INTERNAL=1
//Stored Xcode object GUID
courierr_GUID_CMAKE:INTERNAL=D962C63F2B174AB8ADB1A3F4
//ADVANCED property for variable: courierr_STATIC_LIB
courierr_STATIC_LIB-ADVANCED:INTERNAL=1
//Stored Xcode object GUID
fmt_GUID_CMAKE:INTERNAL=F9EE59F66B4C4694B74BCA3E
//Stored Xcode object GUID
gmock_GUID_CMAKE:INTERNAL=020AC396F3C148C584B5E5C8
//ADVANCED property for variable: gmock_build_tests
gmock_build_tests-ADVANCED:INTERNAL=1
//Stored Xcode object GUID
gmock_main_GUID_CMAKE:INTERNAL=F94CB647FEFD429688C92FD7
//Stored Xcode object GUID
gtest_GUID_CMAKE:INTERNAL=41D7FDE186A647E99D4B9611
//ADVANCED property for variable: gtest_build_samples
gtest_build_samples-ADVANCED:INTERNAL=1
//ADVANCED property for variable: gtest_build_tests
gtest_build_tests-ADVANCED:INTERNAL=1
//ADVANCED property for variable: gtest_disable_pthreads
gtest_disable_pthreads-ADVANCED:INTERNAL=1
//ADVANCED property for variable: gtest_force_shared_crt
gtest_force_shared_crt-ADVANCED:INTERNAL=1
//ADVANCED property for variable: gtest_hide_internal_symbols
gtest_hide_internal_symbols-ADVANCED:INTERNAL=1
//Stored Xcode object GUID
gtest_main_GUID_CMAKE:INTERNAL=EE27E2129E6F469EA16BB414
//Test has_std_0x_flag
has_std_0x_flag:INTERNAL=1
//Test has_std_11_flag
has_std_11_flag:INTERNAL=1

